[2025-05-02T06:55:39.553+0000] {local_task_job_runner.py:123} INFO - ::group::Pre task execution logs
[2025-05-02T06:55:39.563+0000] {taskinstance.py:2614} INFO - Dependencies all met for dep_context=non-requeueable deps ti=<TaskInstance: hello_world.hello_world_task manual__2025-05-02T06:55:38.794793+00:00 [queued]>
[2025-05-02T06:55:39.567+0000] {taskinstance.py:2614} INFO - Dependencies all met for dep_context=requeueable deps ti=<TaskInstance: hello_world.hello_world_task manual__2025-05-02T06:55:38.794793+00:00 [queued]>
[2025-05-02T06:55:39.567+0000] {taskinstance.py:2867} INFO - Starting attempt 1 of 2
[2025-05-02T06:55:39.574+0000] {taskinstance.py:2890} INFO - Executing <Task(PythonOperator): hello_world_task> on 2025-05-02 06:55:38.794793+00:00
[2025-05-02T06:55:39.579+0000] {warnings.py:112} WARNING - /home/***/.local/lib/python3.12/site-packages/***/task/task_runner/standard_task_runner.py:70: DeprecationWarning: This process (pid=96) is multi-threaded, use of fork() may lead to deadlocks in the child.
  pid = os.fork()

[2025-05-02T06:55:39.580+0000] {standard_task_runner.py:72} INFO - Started process 99 to run task
[2025-05-02T06:55:39.580+0000] {standard_task_runner.py:104} INFO - Running: ['***', 'tasks', 'run', 'hello_world', 'hello_world_task', 'manual__2025-05-02T06:55:38.794793+00:00', '--job-id', '4', '--raw', '--subdir', 'DAGS_FOLDER/hello_world.py', '--cfg-path', '/tmp/tmpopwmca2w']
[2025-05-02T06:55:39.581+0000] {standard_task_runner.py:105} INFO - Job 4: Subtask hello_world_task
[2025-05-02T06:55:39.609+0000] {task_command.py:467} INFO - Running <TaskInstance: hello_world.hello_world_task manual__2025-05-02T06:55:38.794793+00:00 [running]> on host 7bbda4f5ec49
[2025-05-02T06:55:39.653+0000] {taskinstance.py:3134} INFO - Exporting env vars: AIRFLOW_CTX_DAG_OWNER='***' AIRFLOW_CTX_DAG_ID='hello_world' AIRFLOW_CTX_TASK_ID='hello_world_task' AIRFLOW_CTX_EXECUTION_DATE='2025-05-02T06:55:38.794793+00:00' AIRFLOW_CTX_TRY_NUMBER='1' AIRFLOW_CTX_DAG_RUN_ID='manual__2025-05-02T06:55:38.794793+00:00'
[2025-05-02T06:55:39.653+0000] {taskinstance.py:732} INFO - ::endgroup::
[2025-05-02T06:55:39.661+0000] {logging_mixin.py:190} INFO - Hello World!
[2025-05-02T06:55:39.661+0000] {python.py:240} INFO - Done. Returned value was: Hello World!
[2025-05-02T06:55:39.673+0000] {taskinstance.py:341} INFO - ::group::Post task execution logs
[2025-05-02T06:55:39.673+0000] {taskinstance.py:353} INFO - Marking task as SUCCESS. dag_id=hello_world, task_id=hello_world_task, run_id=manual__2025-05-02T06:55:38.794793+00:00, execution_date=20250502T065538, start_date=20250502T065539, end_date=20250502T065539
[2025-05-02T06:55:39.713+0000] {local_task_job_runner.py:266} INFO - Task exited with return code 0
[2025-05-02T06:55:39.722+0000] {taskinstance.py:3901} INFO - 0 downstream tasks scheduled from follow-on schedule check
[2025-05-02T06:55:39.723+0000] {local_task_job_runner.py:245} INFO - ::endgroup::
