[2025-05-02T08:03:47.453+0000] {local_task_job_runner.py:123} INFO - ::group::Pre task execution logs
[2025-05-02T08:03:47.464+0000] {taskinstance.py:2614} INFO - Dependencies all met for dep_context=non-requeueable deps ti=<TaskInstance: hello_world.hello_world_task manual__2025-05-02T08:03:46.309547+00:00 [queued]>
[2025-05-02T08:03:47.469+0000] {taskinstance.py:2614} INFO - Dependencies all met for dep_context=requeueable deps ti=<TaskInstance: hello_world.hello_world_task manual__2025-05-02T08:03:46.309547+00:00 [queued]>
[2025-05-02T08:03:47.469+0000] {taskinstance.py:2867} INFO - Starting attempt 1 of 2
[2025-05-02T08:03:47.476+0000] {taskinstance.py:2890} INFO - Executing <Task(PythonOperator): hello_world_task> on 2025-05-02 08:03:46.309547+00:00
[2025-05-02T08:03:47.480+0000] {warnings.py:112} WARNING - /home/***/.local/lib/python3.12/site-packages/***/task/task_runner/standard_task_runner.py:70: DeprecationWarning: This process (pid=305) is multi-threaded, use of fork() may lead to deadlocks in the child.
  pid = os.fork()

[2025-05-02T08:03:47.481+0000] {standard_task_runner.py:72} INFO - Started process 308 to run task
[2025-05-02T08:03:47.481+0000] {standard_task_runner.py:104} INFO - Running: ['***', 'tasks', 'run', 'hello_world', 'hello_world_task', 'manual__2025-05-02T08:03:46.309547+00:00', '--job-id', '3', '--raw', '--subdir', 'DAGS_FOLDER/hello_world.py', '--cfg-path', '/tmp/tmpd83gydo_']
[2025-05-02T08:03:47.482+0000] {standard_task_runner.py:105} INFO - Job 3: Subtask hello_world_task
[2025-05-02T08:03:47.512+0000] {task_command.py:467} INFO - Running <TaskInstance: hello_world.hello_world_task manual__2025-05-02T08:03:46.309547+00:00 [running]> on host b9128b1aa394
[2025-05-02T08:03:47.556+0000] {taskinstance.py:3134} INFO - Exporting env vars: AIRFLOW_CTX_DAG_OWNER='***' AIRFLOW_CTX_DAG_ID='hello_world' AIRFLOW_CTX_TASK_ID='hello_world_task' AIRFLOW_CTX_EXECUTION_DATE='2025-05-02T08:03:46.309547+00:00' AIRFLOW_CTX_TRY_NUMBER='1' AIRFLOW_CTX_DAG_RUN_ID='manual__2025-05-02T08:03:46.309547+00:00'
[2025-05-02T08:03:47.556+0000] {taskinstance.py:732} INFO - ::endgroup::
[2025-05-02T08:03:47.576+0000] {logging_mixin.py:190} INFO - Hello World!
[2025-05-02T08:03:47.576+0000] {python.py:240} INFO - Done. Returned value was: Hello World!
[2025-05-02T08:03:47.588+0000] {taskinstance.py:341} INFO - ::group::Post task execution logs
[2025-05-02T08:03:47.588+0000] {taskinstance.py:353} INFO - Marking task as SUCCESS. dag_id=hello_world, task_id=hello_world_task, run_id=manual__2025-05-02T08:03:46.309547+00:00, execution_date=20250502T080346, start_date=20250502T080347, end_date=20250502T080347
[2025-05-02T08:03:47.615+0000] {local_task_job_runner.py:266} INFO - Task exited with return code 0
[2025-05-02T08:03:47.624+0000] {taskinstance.py:3901} INFO - 0 downstream tasks scheduled from follow-on schedule check
[2025-05-02T08:03:47.626+0000] {local_task_job_runner.py:245} INFO - ::endgroup::
